<?xml version="1.0" encoding="UTF-8"?>
<testsuite xmlns:xsi="http://www.w3.org/2001/XMLSchema-instance" xsi:noNamespaceSchemaLocation="https://maven.apache.org/surefire/maven-surefire-plugin/xsd/surefire-test-report.xsd" name="OrderCreationParametrizedTest" time="1.806" tests="4" errors="0" skipped="0" failures="0">
  <properties>
[...]
</properties>
  <testcase name="createOrderWithColor[Тестовые данные:Black,null]" classname="OrderCreationParametrizedTest" time="0.377"/>
  <testcase name="createOrderWithColor[Тестовые данные:null,Gray]" classname="OrderCreationParametrizedTest" time="0.383"/>
  <testcase name="createOrderWithColor[Тестовые данные:Black,Gray]" classname="OrderCreationParametrizedTest" time="0.423"/>
  <testcase name="createOrderWithColor[Тестовые данные:null,null]" classname="OrderCreationParametrizedTest" time="0.4"/>
</testsuite>